<?xml version="1.0" encoding="UTF-8"?>
<testsuite name="games.game2048.TestMoveValues" tests="6" skipped="0" failures="0" errors="0" timestamp="2021-03-31T14:17:16" hostname="EPBYMINW0D40" time="0.064">
  <properties/>
  <testcase name="testSimpleMove" classname="games.game2048.TestMoveValues" time="0.044"/>
  <testcase name="testSeveralMoves" classname="games.game2048.TestMoveValues" time="0.004"/>
  <testcase name="testMerge" classname="games.game2048.TestMoveValues" time="0.004"/>
  <testcase name="testMovesInSomeRows" classname="games.game2048.TestMoveValues" time="0.003"/>
  <testcase name="testMoveAndMerge" classname="games.game2048.TestMoveValues" time="0.004"/>
  <testcase name="testNoMove" classname="games.game2048.TestMoveValues" time="0.002"/>
  <system-out><![CDATA[[null, null, 2, null]
[2]
[false, false, true, false][null, null, 2, null]
[2]
[false, true, false, false][null, null, 2, null]
[2]
[false, false, true, false][null, null, 2, null]
[2]
[false, true, false, false][null, null, null, 2]
[2]
[null, null, 2, null]
[2]
[null, 2, null, null]
[2]
[2, null, null, null]
[2]
[true, true, true, true][2, null, null, null]
[2]
[null, 2, null, null]
[2]
[null, null, 2, null]
[2]
[null, null, null, 2]
[2]
[true, true, true, true][null, null, null, 2]
[2]
[null, null, 2, null]
[2]
[null, 2, null, null]
[2]
[2, null, null, null]
[2]
[true, true, true, true][2, null, null, null]
[2]
[null, 2, null, null]
[2]
[null, null, 2, null]
[2]
[null, null, null, 2]
[2]
[true, true, true, true][2, 2, null, 2]
[4, 2]
[2, 4, null, 2]
[2, 4, 2]
[2, null, 2, 2]
[4, 2]
[true, true, true, false][2, null, 2, 2]
[4, 2]
[2, 4, null, 2]
[2, 4, 2]
[2, 2, null, 2]
[4, 2]
[false, true, true, true][2, 2, null, 2]
[4, 2]
[2, 4, null, 2]
[2, 4, 2]
[2, null, 2, 2]
[4, 2]
[true, true, true, false][2, null, 2, 2]
[4, 2]
[2, 4, null, 2]
[2, 4, 2]
[2, 2, null, 2]
[4, 2]
[false, true, true, true][null, null, null, 2]
[2]
[null, 2, null, null]
[2]
[4, 2, 4, 2]
[4, 2, 4, 2]
[true, false, true, false][4, 2, 4, 2]
[4, 2, 4, 2]
[null, 2, null, null]
[2]
[null, null, null, 2]
[2]
[false, true, false, true][null, null, null, 2]
[2]
[null, 2, null, null]
[2]
[4, 2, 4, 2]
[4, 2, 4, 2]
[true, false, true, false][4, 2, 4, 2]
[4, 2, 4, 2]
[null, 2, null, null]
[2]
[null, null, null, 2]
[2]
[false, true, false, true][null, 2, null, 2]
[4]
[2, null, 2, null]
[4]
[null, 2, null, null]
[2]
[2, null, null, null]
[2]
[true, true, true, true][2, null, null, null]
[2]
[null, 2, null, null]
[2]
[2, null, 2, null]
[4]
[null, 2, null, 2]
[4]
[true, true, true, true][null, 2, null, 2]
[4]
[2, null, 2, null]
[4]
[null, 2, null, null]
[2]
[2, null, null, null]
[2]
[true, true, true, true][2, null, null, null]
[2]
[null, 2, null, null]
[2]
[2, null, 2, null]
[4]
[null, 2, null, 2]
[4]
[true, true, true, true][4, 2, 4, 2]
[4, 2, 4, 2]
[false, false, false, false][4, 2, 4, 2]
[4, 2, 4, 2]
[false, false, false, false][4, 2, 4, 2]
[4, 2, 4, 2]
[false, false, false, false][4, 2, 4, 2]
[4, 2, 4, 2]
[false, false, false, false]]]></system-out>
  <system-err><![CDATA[]]></system-err>
</testsuite>
