<?xml version="1.0" encoding="UTF-8"?>
<testsuite name="games.game2048.TestGame2048" tests="1" skipped="0" failures="0" errors="0" timestamp="2021-03-31T14:17:17" hostname="EPBYMINW0D40" time="0.026">
  <properties/>
  <testcase name="testMoves" classname="games.game2048.TestGame2048" time="0.026"/>
  <system-out><![CDATA[[2, null, null, 2]
[4]
[true, false, false, false][null, null, 4, null]
[4]
[4, null, null, null]
[4]
[false, true, false, true][null, 4, null, 4]
[8]
[null, 2, null, null]
[2]
[true, false, false, true][2, null, null, 8]
[2, 8]
[null, null, 2, null]
[2]
[true, true, false, false][null, null, null, 8]
[8]
[2, null, 2, 2]
[4, 2]
[false, false, true, true][2, 2, null, null]
[4]
[4, 8, null, null]
[4, 8]
[false, false, true, true][null, null, 4, null]
[4]
[8, null, null, null]
[8]
[4, 4, null, null]
[8]
[true, false, true, true][null, 2, null, null]
[2]
[8, 8, null, 4]
[16, 4]
[true, false, false, true][2, null, null, null]
[2]
[null, 2, null, null]
[2]
[16, 4, null, null]
[16, 4]
[true, false, true, true][null, 2, null, null]
[2]
[4, null, null, null]
[4]
[16, 2, null, 2]
[16, 4]
[false, true, true, true][null, null, null, 2]
[2]
[null, null, null, 2]
[2]
[null, null, null, 4]
[4]
[null, null, 4, 16]
[4, 16]
[true, true, true, true][4, 4, 2, 2]
[8, 4]
[16, 2, null, null]
[16, 2]
[true, true, false, false]]]></system-out>
  <system-err><![CDATA[]]></system-err>
</testsuite>
