<?xml version="1.0" encoding="UTF-8"?>
<testsuite name="games.game2048.TestMoveValuesInRowOrColumn" tests="5" skipped="0" failures="0" errors="0" timestamp="2021-03-31T14:17:17" hostname="EPBYMINW0D40" time="0.007">
  <properties/>
  <testcase name="testRow" classname="games.game2048.TestMoveValuesInRowOrColumn" time="0.001"/>
  <testcase name="testRowReversed" classname="games.game2048.TestMoveValuesInRowOrColumn" time="0.001"/>
  <testcase name="testColumn" classname="games.game2048.TestMoveValuesInRowOrColumn" time="0.002"/>
  <testcase name="testNoMove" classname="games.game2048.TestMoveValuesInRowOrColumn" time="0.001"/>
  <testcase name="testColumnReversed" classname="games.game2048.TestMoveValuesInRowOrColumn" time="0.002"/>
  <system-out><![CDATA[[null, 2, null, 4]
[2, 4]
[4, null, 2, null]
[4, 2]
[null, 2, null, 4]
[2, 4]
[2, 4, 2, 4]
[2, 4, 2, 4]
[4, null, 2, null]
[4, 2]
]]></system-out>
  <system-err><![CDATA[]]></system-err>
</testsuite>
