<?xml version="1.0" encoding="UTF-8"?>
<testsuite name="games.game2048.TestGame2048" tests="1" skipped="0" failures="0" errors="0" timestamp="2021-04-06T09:36:36" hostname="EPBYMINW0D40" time="0.062">
  <properties/>
  <testcase name="testMoves" classname="games.game2048.TestGame2048" time="0.062"/>
  <system-out><![CDATA[]]></system-out>
  <system-err><![CDATA[]]></system-err>
</testsuite>
