<?xml version="1.0" encoding="UTF-8"?>
<testsuite name="games.game2048.TestAddingValue" tests="4" skipped="0" failures="0" errors="0" timestamp="2021-04-06T09:36:36" hostname="EPBYMINW0D40" time="0.06">
  <properties/>
  <testcase name="test1" classname="games.game2048.TestAddingValue" time="0.049"/>
  <testcase name="test2" classname="games.game2048.TestAddingValue" time="0.004"/>
  <testcase name="test3" classname="games.game2048.TestAddingValue" time="0.004"/>
  <testcase name="test4" classname="games.game2048.TestAddingValue" time="0.002"/>
  <system-out><![CDATA[]]></system-out>
  <system-err><![CDATA[]]></system-err>
</testsuite>
